#
# A fatal error has been detected by the Java Runtime Environment:
#
#  EXCEPTION_ACCESS_VIOLATION (0xc0000005) at pc=0x6d9cd6e7, pid=3432, tid=672
#
# JRE version: 7.0_03-b05
# Java VM: Java HotSpot(TM) Client VM (22.1-b02 mixed mode windows-x86 )
# Problematic frame:
# V  [jvm.dll+0x19d6e7]
#
# Failed to write core dump. Minidumps are not enabled by default on client versions of Windows
#
# If you would like to submit a bug report, please visit:
#   http://bugreport.sun.com/bugreport/crash.jsp
#

---------------  T H R E A D  ---------------

Current thread (0x16e86400):  JavaThread "JDWP Transport Listener: dt_socket" daemon [_thread_in_vm, id=672, stack(0x17260000,0x172b0000)]

siginfo: ExceptionCode=0xc0000005, reading address 0x65727457

Registers:
EAX=0x00000000, EBX=0x17753970, ECX=0x17753978, EDX=0x00accd08
ESP=0x172af788, EBP=0x172af790, ESI=0x65727453, EDI=0x172af7f4
EIP=0x6d9cd6e7, EFLAGS=0x00010246

Top of Stack: (sp=0x172af788)
0x172af788:   172af7f4 172af7dc 172af7c0 6d9501a5
0x172af798:   172af7dc 172af7f4 172af8b4 17753a50
0x172af7a8:   00957400 00000d1d 17753760 6d974353
0x172af7b8:   d1175a63 172af8b8 172af8b8 6d97430c
0x172af7c8:   172af7dc 172af7f4 00000d1d 17753970
0x172af7d8:   16e86640 00957b48 293b6d61 00000000
0x172af7e8:   00000000 65727453 00957b48 00000000
0x172af7f8:   00000000 00000000 00b6f5c8 00b6f774 

Instructions: (pc=0x6d9cd6e7)
0x6d9cd6c7:   c2 08 00 83 7e 08 00 74 14 57 8b 7d 08 57 8b ce
0x6d9cd6d7:   e8 e4 fe ff ff 8b c7 5f 5e 5d c2 08 00 8b 76 10
0x6d9cd6e7:   8b 46 04 8b 0e 50 51 83 c6 08 56 8b 75 08 8b ce
0x6d9cd6f7:   e8 64 05 e8 ff 5f 8b c6 5e 5d c2 08 00 cc cc cc 


Register to memory mapping:

EAX=0x00000000 is an unknown value
EBX=0x17753970 is an unknown value
ECX=0x17753978 is an unknown value
EDX=0x00accd08 [CodeBlob (0x00accd08)]
Framesize: 6
RicochetBlob
ESP=0x172af788 is pointing into the stack for thread: 0x16e86400
EBP=0x172af790 is pointing into the stack for thread: 0x16e86400
ESI=0x65727453 is an unknown value
EDI=0x172af7f4 is pointing into the stack for thread: 0x16e86400


Stack: [0x17260000,0x172b0000],  sp=0x172af788,  free space=317k
Native frames: (J=compiled Java code, j=interpreted, Vv=VM code, C=native code)
V  [jvm.dll+0x19d6e7]
V  [jvm.dll+0x1201a5]
V  [jvm.dll+0x14430c]
V  [jvm.dll+0x143fc5]
V  [jvm.dll+0xe54ce]
V  [jvm.dll+0xde61a]
V  [jvm.dll+0x1ccb60]
C  [jdwp.dll+0x6c46]
C  [jdwp.dll+0xbd12]


---------------  P R O C E S S  ---------------

Java Threads: ( => current thread )
  0x1756a400 JavaThread "AWT-EventQueue-0" [_thread_blocked, id=812, stack(0x18220000,0x18270000)]
  0x174b4800 JavaThread "AWT-Shutdown" [_thread_blocked, id=3836, stack(0x178e0000,0x17930000)]
  0x174b2800 JavaThread "Java2D Disposer" daemon [_thread_blocked, id=544, stack(0x17890000,0x178e0000)]
  0x1748fc00 JavaThread "TimerQueue" daemon [_thread_blocked, id=2204, stack(0x17840000,0x17890000)]
  0x16e9d400 JavaThread "Service Thread" daemon [_thread_blocked, id=2604, stack(0x173a0000,0x173f0000)]
  0x16e92400 JavaThread "C1 CompilerThread0" daemon [_thread_blocked, id=1656, stack(0x17350000,0x173a0000)]
  0x16e88c00 JavaThread "JDWP Event Helper Thread" daemon [_thread_blocked, id=1724, stack(0x172b0000,0x17300000)]
=>0x16e86400 JavaThread "JDWP Transport Listener: dt_socket" daemon [_thread_in_vm, id=672, stack(0x17260000,0x172b0000)]
  0x16e79c00 JavaThread "Attach Listener" daemon [_thread_blocked, id=260, stack(0x170a0000,0x170f0000)]
  0x16d40c00 JavaThread "Finalizer" daemon [_thread_blocked, id=1600, stack(0x16e00000,0x16e50000)]
  0x16d3bc00 JavaThread "Reference Handler" daemon [_thread_blocked, id=3220, stack(0x16db0000,0x16e00000)]
  0x00957400 JavaThread "main" [_thread_in_native, id=2840, stack(0x00a00000,0x00a50000)]

Other Threads:
  0x16d36000 VMThread [stack: 0x16d60000,0x16db0000] [id=1760]

VM state:synchronizing (normal execution)

VM Mutex/Monitor currently owned by a thread:  ([mutex/lock_event])
[0x009563d0] Threads_lock - owner thread: 0x16d36000

Heap
 def new generation   total 4928K, used 2403K [0x02b20000, 0x03070000, 0x08070000)
  eden space 4416K,  47% used [0x02b20000, 0x02d2d5f8, 0x02f70000)
  from space 512K,  59% used [0x02f70000, 0x02fbb900, 0x02ff0000)
  to   space 512K,   0% used [0x02ff0000, 0x02ff0000, 0x03070000)
 tenured generation   total 10944K, used 3172K [0x08070000, 0x08b20000, 0x12b20000)
   the space 10944K,  28% used [0x08070000, 0x08389008, 0x08389200, 0x08b20000)
 compacting perm gen  total 12288K, used 7128K [0x12b20000, 0x13720000, 0x16b20000)
   the space 12288K,  58% used [0x12b20000, 0x13216298, 0x13216400, 0x13720000)
No shared spaces configured.

Code Cache  [0x00aa0000, 0x00b80000, 0x02aa0000)
 total_blobs=353 nmethods=150 adapters=147 free_code_cache=31898Kb largest_free_block=32664448

Dynamic libraries:
0x00400000 - 0x0042f000 	C:\Program Files\Java\jre7\bin\javaw.exe
0x7c920000 - 0x7c9b6000 	C:\WINDOWS\system32\ntdll.dll
0x7c800000 - 0x7c91d000 	C:\WINDOWS\system32\kernel32.dll
0x77da0000 - 0x77e49000 	C:\WINDOWS\system32\ADVAPI32.dll
0x77e50000 - 0x77ee2000 	C:\WINDOWS\system32\RPCRT4.dll
0x77fc0000 - 0x77fd1000 	C:\WINDOWS\system32\Secur32.dll
0x77d10000 - 0x77d9f000 	C:\WINDOWS\system32\USER32.dll
0x77ef0000 - 0x77f38000 	C:\WINDOWS\system32\GDI32.dll
0x77180000 - 0x77283000 	C:\WINDOWS\WinSxS\x86_Microsoft.Windows.Common-Controls_6595b64144ccf1df_6.0.2600.2982_x-ww_ac3f9c03\COMCTL32.dll
0x77be0000 - 0x77c38000 	C:\WINDOWS\system32\msvcrt.dll
0x77f40000 - 0x77fb6000 	C:\WINDOWS\system32\SHLWAPI.dll
0x76300000 - 0x7631d000 	C:\WINDOWS\system32\IMM32.DLL
0x62c20000 - 0x62c29000 	C:\WINDOWS\system32\LPK.DLL
0x73fa0000 - 0x7400b000 	C:\WINDOWS\system32\USP10.dll
0x78aa0000 - 0x78b5e000 	C:\Program Files\Java\jre7\bin\msvcr100.dll
0x6d830000 - 0x6db58000 	C:\Program Files\Java\jre7\bin\client\jvm.dll
0x71a40000 - 0x71a4b000 	C:\WINDOWS\system32\WSOCK32.dll
0x71a20000 - 0x71a37000 	C:\WINDOWS\system32\WS2_32.dll
0x71a10000 - 0x71a18000 	C:\WINDOWS\system32\WS2HELP.dll
0x76b10000 - 0x76b3a000 	C:\WINDOWS\system32\WINMM.dll
0x76bc0000 - 0x76bcb000 	C:\WINDOWS\system32\PSAPI.DLL
0x6d7c0000 - 0x6d7cc000 	C:\Program Files\Java\jre7\bin\verify.dll
0x6d2f0000 - 0x6d310000 	C:\Program Files\Java\jre7\bin\java.dll
0x6d340000 - 0x6d36a000 	C:\Program Files\Java\jre7\bin\jdwp.dll
0x6d670000 - 0x6d677000 	C:\Program Files\Java\jre7\bin\npt.dll
0x6d810000 - 0x6d823000 	C:\Program Files\Java\jre7\bin\zip.dll
0x6d210000 - 0x6d218000 	C:\Program Files\Java\jre7\bin\dt_socket.dll
0x35670000 - 0x35675000 	C:\WINDOWS\system32\mswsock.dll
0x719c0000 - 0x719fe000 	\\?\globalroot\systemroot\system32\mswsock.dll
0x76ef0000 - 0x76f17000 	C:\WINDOWS\system32\DNSAPI.dll
0x76f80000 - 0x76f88000 	C:\WINDOWS\System32\winrnr.dll
0x76f30000 - 0x76f5c000 	C:\WINDOWS\system32\WLDAP32.dll
0x64000000 - 0x64021000 	C:\Program Files\Bonjour\mdnsNSP.dll
0x76d30000 - 0x76d48000 	C:\WINDOWS\system32\Iphlpapi.dll
0x76f90000 - 0x76f96000 	C:\WINDOWS\system32\rasadhlp.dll
0x60fd0000 - 0x61025000 	C:\WINDOWS\system32\hnetcfg.dll
0x750b0000 - 0x750c4000 	C:\WINDOWS\system32\Cabinet.dll
0x76990000 - 0x76acd000 	C:\WINDOWS\system32\ole32.dll
0x43ce0000 - 0x43e13000 	C:\WINDOWS\system32\urlmon.dll
0x770f0000 - 0x7717b000 	C:\WINDOWS\system32\OLEAUT32.dll
0x3eab0000 - 0x3ec98000 	C:\WINDOWS\system32\iertutil.dll
0x7d590000 - 0x7dd83000 	C:\WINDOWS\system32\SHELL32.dll
0x765e0000 - 0x76672000 	C:\WINDOWS\system32\CRYPT32.dll
0x76db0000 - 0x76dc2000 	C:\WINDOWS\system32\MSASN1.dll
0x76c00000 - 0x76c2e000 	C:\WINDOWS\system32\WINTRUST.dll
0x76c60000 - 0x76c88000 	C:\WINDOWS\system32\IMAGEHLP.dll
0x71a00000 - 0x71a08000 	C:\WINDOWS\System32\wshtcpip.dll
0x6d000000 - 0x6d142000 	C:\Program Files\Java\jre7\bin\awt.dll
0x5adc0000 - 0x5adf7000 	C:\WINDOWS\system32\uxtheme.dll
0x63000000 - 0x63014000 	C:\WINDOWS\system32\SynTPFcs.dll
0x77bd0000 - 0x77bd8000 	C:\WINDOWS\system32\VERSION.dll
0x74680000 - 0x746cb000 	C:\WINDOWS\system32\MSCTF.dll
0x73640000 - 0x7366e000 	C:\WINDOWS\system32\msctfime.ime
0x6d240000 - 0x6d26a000 	C:\Program Files\Java\jre7\bin\fontmanager.dll
0x6d5e0000 - 0x6d5f4000 	C:\Program Files\Java\jre7\bin\net.dll
0x6d600000 - 0x6d60f000 	C:\Program Files\Java\jre7\bin\nio.dll
0x76fa0000 - 0x7701f000 	C:\WINDOWS\system32\CLBCATQ.DLL
0x77020000 - 0x770ba000 	C:\WINDOWS\system32\COMRes.dll
0x6d760000 - 0x6d791000 	C:\Program Files\Java\jre7\bin\t2k.dll

VM Arguments:
jvm_args: -agentlib:jdwp=transport=dt_socket,suspend=y,address=localhost:3079 -Dfile.encoding=GB18030 
java_command: Hangman code=Hangman.class
Launcher Type: SUN_STANDARD

Environment Variables:
CLASSPATH=.;.
PATH=C:/Program Files/Java/jre7/bin/client;C:/Program Files/Java/jre7/bin;C:/Program Files/Java/jre7/lib/i386;C:\WINDOWS\system32;C:\WINDOWS;C:\WINDOWS\System32\Wbem;C:\IBMTOOLS\Python22;C:\Program Files\PC-Doctor for Windows\services;C:\Program Files\Java\jdk1.7.0_03\bin;C:\Program Files\eclipse;
USERNAME=Justin
OS=Windows_NT
PROCESSOR_IDENTIFIER=x86 Family 6 Model 13 Stepping 8, GenuineIntel



---------------  S Y S T E M  ---------------

OS: Windows XP Build 2600 Service Pack 2

CPU:total 1 (1 cores per cpu, 1 threads per core) family 6 model 13 stepping 8, cmov, cx8, fxsr, mmx, sse, sse2

Memory: 4k page, physical 1300912k(380164k free), swap 3103168k(2108220k free)

vm_info: Java HotSpot(TM) Client VM (22.1-b02) for windows-x86 JRE (1.7.0_03-b05), built on Feb  3 2012 20:43:37 by "java_re" with unknown MS VC++:1600

time: Sun Jul 22 22:01:54 2012
elapsed time: 6 seconds

